[0m2021.11.25 13:52:12 INFO  Started: Metals version 0.10.9 in workspace '/Users/maxhager/brainStimula' for client Visual Studio Code 1.61.2.[0m
[0m2021.11.25 13:52:17 INFO  time: initialize in 4.79s[0m
[0m2021.11.25 13:52:18 WARN  Build server is not auto-connectable.[0m
[0m2021.11.25 13:52:18 WARN  no build tool detected in workspace '/Users/maxhager/brainStimula'. The most common cause for this problem is that the editor was opened in the wrong working directory, for example if you use sbt then the workspace directory should contain build.sbt. [0m
[0m2021.11.25 13:52:18 WARN  no build target for: /Users/maxhager/Downloads/SinglyLinkedIntList (2).scala[0m
[0m2021.11.25 13:52:26 INFO  no build target: using presentation compiler with only scala-library: 3.1.0[0m
[0m2021.11.25 13:52:31 INFO  time: code lens generation in 10s[0m
[0m2021.11.25 13:53:10 WARN  no build target for: /Users/maxhager/Downloads/SinglyLinkedIntList (2).scala[0m
[0m2021.11.25 14:12:31 INFO  shutting down Metals[0m
[0m2021.12.05 21:15:15 INFO  Started: Metals version 0.10.9 in workspace '/Users/maxhager/brainStimula' for client Visual Studio Code 1.61.2.[0m
[0m2021.12.05 21:15:19 INFO  time: initialize in 4.74s[0m
[0m2021.12.05 21:15:20 WARN  Build server is not auto-connectable.[0m
[0m2021.12.05 21:15:20 WARN  no build tool detected in workspace '/Users/maxhager/brainStimula'. The most common cause for this problem is that the editor was opened in the wrong working directory, for example if you use sbt then the workspace directory should contain build.sbt. [0m
[0m2021.12.05 21:15:20 WARN  no build target for: /Users/maxhager/Downloads/SinglyLinkedIntList (2).scala[0m
[0m2021.12.05 21:15:27 INFO  no build target: using presentation compiler with only scala-library: 3.1.0[0m
Dec 05, 2021 9:19:21 PM org.eclipse.lsp4j.jsonrpc.services.GenericEndpoint notify
INFO: Unsupported notification method: $/setTrace
Dec 05, 2021 9:19:21 PM org.eclipse.lsp4j.jsonrpc.services.GenericEndpoint notify
INFO: Unsupported notification method: $/setTrace
[0m2021.12.06 12:28:06 INFO  shutting down Metals[0m
